[2018-05-18T23:38:22.821] [INFO] client - created an entry : dijil2208@gmail.comxccccccvxcv
[2018-05-19T00:09:12.956] [INFO] client - created an entry : dijil2208asdasd@gmail.com
[2018-05-19T00:12:16.139] [INFO] client - created an entry : dijil2208@gmail.comxcv
[2018-05-19T00:14:16.747] [INFO] client - created an entry : dijil2208@gmail.comxcvcxv
[2018-05-19T00:32:24.676] [INFO] client - created an entry : dijil2208@gmail.comxcv
[2018-05-19T00:34:54.300] [INFO] client - created an entry : dijil2208@gmail.comzxc
[2018-05-19T00:40:28.071] [INFO] client - created an entry : dijil2208@gmail.com
[2018-05-19T01:17:46.039] [INFO] client - created an entry : dijil2208@gmail.comxcv
[2018-05-19T01:18:00.849] [ERROR] server - Error in adding user: Duplicate entry 'dijil2208@gmail.comxcv' for key 'PRIMARY'
[2018-05-19T01:18:01.537] [ERROR] server - Error in adding user: Duplicate entry 'dijil2208@gmail.comxcv' for key 'PRIMARY'
[2018-05-19T01:18:01.776] [ERROR] server - Error in adding user: Duplicate entry 'dijil2208@gmail.comxcv' for key 'PRIMARY'
[2018-05-19T01:18:01.984] [ERROR] server - Error in adding user: Duplicate entry 'dijil2208@gmail.comxcv' for key 'PRIMARY'
[2018-05-19T01:18:02.191] [ERROR] server - Error in adding user: Duplicate entry 'dijil2208@gmail.comxcv' for key 'PRIMARY'
[2018-05-19T01:18:02.383] [ERROR] server - Error in adding user: Duplicate entry 'dijil2208@gmail.comxcv' for key 'PRIMARY'
[2018-05-19T01:18:02.591] [ERROR] server - Error in adding user: Duplicate entry 'dijil2208@gmail.comxcv' for key 'PRIMARY'
[2018-05-19T01:18:02.791] [ERROR] server - Error in adding user: Duplicate entry 'dijil2208@gmail.comxcv' for key 'PRIMARY'
[2018-05-19T01:18:02.975] [ERROR] server - Error in adding user: Duplicate entry 'dijil2208@gmail.comxcv' for key 'PRIMARY'
[2018-05-19T01:18:03.192] [ERROR] server - Error in adding user: Duplicate entry 'dijil2208@gmail.comxcv' for key 'PRIMARY'
[2018-05-19T01:18:03.412] [ERROR] server - Error in adding user: Duplicate entry 'dijil2208@gmail.comxcv' for key 'PRIMARY'
[2018-05-19T01:18:05.155] [ERROR] server - Error in adding user: Duplicate entry 'dijil2208@gmail.comxcv' for key 'PRIMARY'
[2018-05-19T01:18:05.392] [ERROR] server - Error in adding user: Duplicate entry 'dijil2208@gmail.comxcv' for key 'PRIMARY'
[2018-05-19T01:18:05.617] [ERROR] server - Error in adding user: Duplicate entry 'dijil2208@gmail.comxcv' for key 'PRIMARY'
[2018-05-19T01:18:05.817] [ERROR] server - Error in adding user: Duplicate entry 'dijil2208@gmail.comxcv' for key 'PRIMARY'
[2018-05-19T01:19:04.867] [INFO] client - created an entry : dijil2208@gmail.comzxczxczxc
[2018-05-19T01:36:36.716] [INFO] client - created an entry : dijil2208@gmail.cozxcm
[2018-05-19T10:45:56.751] [INFO] client - created an entry : dijil2208@gmail.com
[2018-05-19T10:47:00.656] [INFO] client - created an entry : dijil2208@zxcgmail.com
[2018-05-19T10:54:17.066] [INFO] client - created an entry : dijil2208@gmail.comzxcc
[2018-05-19T10:59:12.616] [INFO] client - created an entry : dijil2208@gmail.comdsd
[2018-05-19T11:09:29.589] [INFO] client - created an entry : dijil2208@gmail.comzxxz
[2018-05-19T11:10:12.220] [INFO] client - created an entry : dijil2208@gmail.comxzc
[2018-05-19T11:37:37.968] [INFO] client - created an entry : dijil2208@gmail.comcxxxxxxv
[2018-05-19T11:40:25.176] [ERROR] server - Error in getUserInfo Unknown column 'token' in 'field list'
[2018-05-19T11:52:57.737] [INFO] client - created an entry : dijil2208@gmail.comcxv
[2018-05-19T11:55:19.508] [INFO] client - created an entry : dijil2208@gmail.comzxczxc
[2018-05-19T11:58:18.440] [INFO] client - created an entry : dijil2208@gmail.comzxccc
[2018-05-19T13:11:28.306] [INFO] client - created an entry : dijil2208@gmail.comzxczxcxzcx
[2018-05-19T13:12:52.684] [INFO] client - created an entry : dijil2208@gmail.comczxczxc
[2018-05-19T13:22:46.848] [INFO] client - created an entry : dijil2208@gmail.com
[2018-05-26T11:59:32.323] [INFO] client - created an entry : dijil2208@gmail.comv
[2018-05-26T11:59:34.756] [ERROR] server - Error in adding user: Duplicate entry 'dijil2208@gmail.comv' for key 'PRIMARY'
[2018-05-26T11:59:45.151] [ERROR] server - Error in adding user: Duplicate entry 'dijil2208@gmail.comv' for key 'PRIMARY'
[2018-05-26T11:59:46.355] [ERROR] server - Error in adding user: Duplicate entry 'dijil2208@gmail.comv' for key 'PRIMARY'
[2018-05-26T11:59:47.456] [ERROR] server - Error in adding user: Duplicate entry 'dijil2208@gmail.comv' for key 'PRIMARY'
[2018-05-26T11:59:51.834] [ERROR] server - Error in adding user: Duplicate entry 'dijil2208@gmail.comv' for key 'PRIMARY'
[2018-05-26T12:00:01.603] [INFO] client - created an entry : dijil2208@gmail.comvsdff
[2018-05-26T12:00:55.963] [ERROR] server - Error in adding user: Duplicate entry 'dijil2208@gmail.comvsdff' for key 'PRIMARY'
[2018-05-26T12:01:19.711] [ERROR] server - Error in adding user: Duplicate entry 'dijil2208@gmail.comvsdff' for key 'PRIMARY'
[2018-05-26T12:01:21.391] [ERROR] server - Error in adding user: Duplicate entry 'dijil2208@gmail.comvsdff' for key 'PRIMARY'
[2018-05-26T12:01:22.145] [ERROR] server - Error in adding user: Duplicate entry 'dijil2208@gmail.comvsdff' for key 'PRIMARY'
[2018-05-26T12:01:22.615] [ERROR] server - Error in adding user: Duplicate entry 'dijil2208@gmail.comvsdff' for key 'PRIMARY'
[2018-05-26T12:01:22.966] [ERROR] server - Error in adding user: Duplicate entry 'dijil2208@gmail.comvsdff' for key 'PRIMARY'
[2018-05-26T12:01:25.727] [INFO] client - created an entry : dijil2208@gmail.comvsdffsdfsdf
[2018-05-26T12:01:27.910] [ERROR] server - Error in adding user: Duplicate entry 'dijil2208@gmail.comvsdffsdfsdf' for key 'PRIMARY'
[2018-05-26T12:01:29.519] [ERROR] server - Error in adding user: Duplicate entry 'dijil2208@gmail.comvsdffsdfsdf' for key 'PRIMARY'
[2018-05-26T12:02:07.055] [ERROR] server - Error in adding user: Data too long for column 'email' at row 1
[2018-05-26T12:02:16.612] [INFO] client - created an entry : dijil2208@gmail.codfsdfsfd
[2018-05-26T12:02:18.551] [ERROR] server - Error in adding user: Duplicate entry 'dijil2208@gmail.codfsdfsfd' for key 'PRIMARY'
[2018-05-26T12:02:18.993] [ERROR] server - Error in adding user: Duplicate entry 'dijil2208@gmail.codfsdfsfd' for key 'PRIMARY'
[2018-05-26T12:02:20.190] [ERROR] server - Error in adding user: Duplicate entry 'dijil2208@gmail.codfsdfsfd' for key 'PRIMARY'
[2018-05-26T13:51:44.260] [INFO] client - created an entry : dijil2208111@gmail.com
[2018-05-26T13:53:06.227] [INFO] client - created an entry : dijil2208@gmail.comsdsd
[2018-05-26T13:55:43.295] [ERROR] server - Error in adding user: Data too long for column 'token' at row 1
[2018-05-26T13:59:57.989] [INFO] client - created an entry : dijil2208@gmail.comxckjvxcnvknxckjvnxcjvnxckjvnxck
[2018-05-26T14:02:07.423] [INFO] client - created an entry : dijil2208@gmail.comsdfkjsdfnkjsdhfjskdfhkjfdshfkjd
[2018-05-26T14:05:27.553] [INFO] client - created an entry : dijil2208@gmail.comxcvcxvxcvxcvxc
[2018-05-26T14:07:35.542] [INFO] client - created an entry : dijil2208@gmail.comv
[2018-05-26T14:07:45.822] [ERROR] server - Error in adding user: Duplicate entry 'dijil2208@gmail.comv' for key 'PRIMARY'
[2018-05-26T14:09:21.202] [INFO] client - created an entry : dijil2208@gmail.comsdfsdf
[2018-05-26T14:11:25.063] [INFO] client - created an entry : dijil2208@gmail.comcvxcbxcbbc
[2018-05-26T14:20:37.552] [ERROR] server - Error in adding user: Duplicate entry 'dijil2208@gmail.comv' for key 'PRIMARY'
[2018-05-26T15:57:35.690] [INFO] client - created an entry : dijil2208@gmail.comcxvxv
[2018-05-27T20:08:52.617] [ERROR] server - Error in adding user: Duplicate entry 'dijil2208@gmail.comv' for key 'PRIMARY'
[2018-05-27T20:09:02.704] [INFO] client - created an entry : dijil2208@gmail.comvvvv
[2018-05-27T20:10:34.981] [INFO] client - created an entry : dijil2208@gmail.comsdfsdfdsf
[2018-05-27T20:11:34.482] [INFO] client - created an entry : dijil2208@gmail.comdfs
[2018-05-27T20:12:15.886] [INFO] client - created an entry : dijil2208@gmail.comxc
[2018-05-27T20:13:15.090] [INFO] client - created an entry : dijil2208@gmail.comcxc
[2018-05-27T20:59:29.866] [INFO] client - created an entry : dijil2208@gmail.comzxczxczxczxc
[2018-05-27T20:59:52.457] [INFO] client - created an entry : dijil2208@gmail.comxcv
[2018-05-27T21:01:03.913] [ERROR] server - Error in adding user: Duplicate entry 'dijil2208@gmail.comv' for key 'PRIMARY'
[2018-05-27T21:01:13.556] [INFO] client - created an entry : dijil2208@gmail.comvcvxcv
[2018-05-27T21:01:36.169] [INFO] client - created an entry : dijil2208@gmail.comcxxvxc
[2018-05-27T23:20:18.839] [INFO] client - created an entry : dijil2208@gmail.com
[2018-05-27T23:22:04.061] [INFO] client - created an entry : dijil2208@gmail.com
[2018-05-27T23:25:03.084] [INFO] client - created an entry : dijil2208@gmail.comvcvxcv
[2018-05-27T23:27:43.890] [INFO] client - created an entry : dijil2208@gmail.comvcvxcv
[2018-05-27T23:29:31.518] [ERROR] server - Error in adding user: Duplicate entry 'dijil2208@gmail.comvcvxcv' for key 'PRIMARY'
[2018-05-27T23:29:36.198] [ERROR] server - Error in adding user: Out of range value for column 'v_profile' at row 1
[2018-05-27T23:31:10.442] [INFO] client - created an entry : dijil2208@gmail.comvcvxcvf
[2018-05-27T23:34:29.037] [INFO] client - created an entry : dijil2208@gmail.comvcvxcvfdsffsd
[2018-05-27T23:47:39.845] [ERROR] server - Error in validateEmail You have an error in your SQL syntax; check the manual that corresponds to your MySQL server version for the right syntax to use near ''1''' at line 1
[2018-05-27T23:48:06.037] [ERROR] server - Error in validateEmail You have an error in your SQL syntax; check the manual that corresponds to your MySQL server version for the right syntax to use near ''1''' at line 1
[2018-05-27T23:48:57.848] [ERROR] server - Error in validateEmail You have an error in your SQL syntax; check the manual that corresponds to your MySQL server version for the right syntax to use near ''1435''' at line 1
[2018-05-27T23:54:17.238] [INFO] client - created an entry : dijil2208@gmail.com
[2018-05-28T01:06:11.861] [INFO] client - created an entry : dijil2208@gmail.com
[2018-05-28T01:08:22.610] [INFO] client - created an entry : dijil2208@gmail.com
[2018-05-28T01:15:29.689] [ERROR] server - Error in verifyUser Truncated incorrect DOUBLE value: 'undefined'
[2018-05-28T01:19:08.377] [ERROR] server - Error in verifyUser Truncated incorrect DOUBLE value: 'undefined'
[2018-05-28T01:22:31.564] [ERROR] server - Error in verifyUser Truncated incorrect DOUBLE value: 'undefined'
[2018-05-28T01:24:01.532] [ERROR] server - Error in verifyUser Truncated incorrect DOUBLE value: 'undefined'
[2018-05-28T01:24:55.575] [ERROR] server - Error in verifyUser Truncated incorrect DOUBLE value: 'undefined'
[2018-05-28T01:27:56.281] [ERROR] server - Error in verifyUser Truncated incorrect DOUBLE value: 'undefined'
[2018-05-28T01:31:35.078] [ERROR] server - Error in verifyUser Truncated incorrect DOUBLE value: 'undefined'
[2018-05-28T01:32:57.988] [ERROR] server - Error in verifyUser Truncated incorrect DOUBLE value: 'undefined'
[2018-05-28T01:36:01.378] [ERROR] server - Error in verifyUser You have an error in your SQL syntax; check the manual that corresponds to your MySQL server version for the right syntax to use near '' at line 1
[2018-05-28T01:38:00.676] [INFO] client - created an entry : dijil2208@gmail.com
[2018-05-28T01:59:43.334] [INFO] client - created an entry : dijil2208@gmail.comzfsdfsdf
[2018-05-28T02:01:44.972] [INFO] client - created an entry : dijil2208@gmail.com
[2018-05-28T02:06:48.050] [INFO] client - created an entry : dijil2208@gmail.comfdgdfgdfg
[2018-05-28T02:09:37.182] [INFO] client - created an entry : dijil2208@gmail.com
[2018-05-28T02:12:27.481] [INFO] client - created an entry : dijil2208@gmail.comcvxcv
[2018-05-28T02:15:53.615] [INFO] client - created an entry : dijil2208@gmail.comsdfsdf
[2018-05-28T02:16:27.317] [INFO] client - created an entry : dijil2208@gmail.comdsfsdfsdfsd
[2018-05-28T02:17:45.631] [INFO] client - created an entry : dijil2208@gmail.comzxc
[2018-05-28T11:29:25.312] [ERROR] server - Error in resetPassword Illegal double '5e8667' value found during parsing
[2018-05-28T11:33:53.270] [ERROR] server - Error in resetPassword Unknown column 'e807f1fcf82d132f9bb018ca6738a19f' in 'field list'
[2018-05-28T11:38:00.716] [ERROR] server - Error in resetPassword Unknown column 'e807f1fcf82d132f9bb018ca6738a19f' in 'field list'
[2018-05-28T11:39:53.037] [ERROR] server - Error in resetPassword Unknown column 'e807f1fcf82d132f9bb018ca6738a19f' in 'field list'
[2018-05-28T11:57:39.276] [ERROR] server - Error in validateEmail
[2018-05-28T11:59:15.388] [ERROR] server - Error in validateEmail
